2026-06-25 16:23:41 | INFO | === START: Baseline (α=0.1, ε=0.1) ===
2026-06-25 16:23:41 | INFO |   experiment: Baseline (α=0.1, ε=0.1)
2026-06-25 16:23:41 | INFO |   episodes: 2000
2026-06-25 16:23:41 | INFO |   alpha: 0.1
2026-06-25 16:23:41 | INFO |   gamma: 0.9
2026-06-25 16:23:41 | INFO |   epsilon: 0.1
2026-06-25 16:23:41 | INFO |   max_steps: 200
2026-06-25 16:23:41 | INFO | Episode     1 | reward= -533.0 | steps= 200
2026-06-25 16:23:43 | INFO | Episode   500 | reward=    0.0 | steps=  21
2026-06-25 16:23:44 | INFO | Episode  1000 | reward=   -6.0 | steps=  18
2026-06-25 16:23:45 | INFO | Episode  1500 | reward=    9.0 | steps=  12
2026-06-25 16:23:45 | INFO | Episode  2000 | reward=    3.0 | steps=  18
2026-06-25 16:23:45 | INFO | === END | episodes=2000 | last-100-avg-reward=1.46 | elapsed=4.3s ===
2026-06-25 16:25:49 | INFO | === START: Baseline (α=0.1, ε=0.1) ===
2026-06-25 16:25:49 | INFO |   experiment: Baseline (α=0.1, ε=0.1)
2026-06-25 16:25:49 | INFO |   episodes: 2000
2026-06-25 16:25:49 | INFO |   alpha: 0.1
2026-06-25 16:25:49 | INFO |   gamma: 0.9
2026-06-25 16:25:49 | INFO |   epsilon: 0.1
2026-06-25 16:25:49 | INFO |   max_steps: 200
2026-06-25 16:25:49 | INFO | Episode     1 | reward= -506.0 | steps= 200
2026-06-25 16:25:53 | INFO | Episode   500 | reward=  -46.0 | steps=  40
2026-06-25 16:25:54 | INFO | Episode  1000 | reward=  -28.0 | steps=  40
2026-06-25 16:25:54 | INFO | Episode  1500 | reward=  -11.0 | steps=  23
2026-06-25 16:25:55 | INFO | Episode  2000 | reward=    0.0 | steps=  21
2026-06-25 16:25:55 | INFO | === END | episodes=2000 | last-100-avg-reward=1.01 | elapsed=6.0s ===
2026-06-25 16:27:16 | INFO | === START: Baseline (α=0.1, ε=0.1) ===
2026-06-25 16:27:16 | INFO |   experiment: Baseline (α=0.1, ε=0.1)
2026-06-25 16:27:16 | INFO |   episodes: 2000
2026-06-25 16:27:16 | INFO |   alpha: 0.1
2026-06-25 16:27:16 | INFO |   gamma: 0.9
2026-06-25 16:27:16 | INFO |   epsilon: 0.1
2026-06-25 16:27:16 | INFO |   max_steps: 200
2026-06-25 16:27:16 | INFO | Episode     1 | reward= -515.0 | steps= 200
2026-06-25 16:27:18 | INFO | Episode   500 | reward= -344.0 | steps= 200
2026-06-25 16:27:19 | INFO | Episode  1000 | reward=  -13.0 | steps=  34
2026-06-25 16:27:20 | INFO | Episode  1500 | reward=  -28.0 | steps=  40
2026-06-25 16:27:20 | INFO | Episode  2000 | reward=    5.0 | steps=  16
2026-06-25 16:27:20 | INFO | === END | episodes=2000 | last-100-avg-reward=0.21 | elapsed=4.0s ===
2026-06-25 16:27:22 | INFO | === START: α=0.01 ===
2026-06-25 16:27:22 | INFO |   experiment: α=0.01
2026-06-25 16:27:22 | INFO |   episodes: 2000
2026-06-25 16:27:22 | INFO |   alpha: 0.01
2026-06-25 16:27:22 | INFO |   gamma: 0.9
2026-06-25 16:27:22 | INFO |   epsilon: 0.1
2026-06-25 16:27:22 | INFO |   max_steps: 200
2026-06-25 16:27:22 | INFO | Episode     1 | reward= -479.0 | steps= 200
2026-06-25 16:27:26 | INFO | Episode   500 | reward= -263.0 | steps= 200
2026-06-25 16:27:29 | INFO | Episode  1000 | reward= -151.0 | steps= 109
2026-06-25 16:27:32 | INFO | Episode  1500 | reward= -170.0 | steps= 146
2026-06-25 16:27:35 | INFO | Episode  2000 | reward= -254.0 | steps= 200
2026-06-25 16:27:35 | INFO | === END | episodes=2000 | last-100-avg-reward=-174.81 | elapsed=13.3s ===
2026-06-25 16:27:35 | INFO | === START: α=0.001 ===
2026-06-25 16:27:35 | INFO |   experiment: α=0.001
2026-06-25 16:27:35 | INFO |   episodes: 2000
2026-06-25 16:27:35 | INFO |   alpha: 0.001
2026-06-25 16:27:35 | INFO |   gamma: 0.9
2026-06-25 16:27:35 | INFO |   epsilon: 0.1
2026-06-25 16:27:35 | INFO |   max_steps: 200
2026-06-25 16:27:35 | INFO | Episode     1 | reward= -560.0 | steps= 200
2026-06-25 16:27:39 | INFO | Episode   500 | reward= -272.0 | steps= 200
2026-06-25 16:27:42 | INFO | Episode  1000 | reward= -261.0 | steps= 192
2026-06-25 16:27:46 | INFO | Episode  1500 | reward= -107.0 | steps=  92
2026-06-25 16:27:49 | INFO | Episode  2000 | reward= -244.0 | steps= 184
2026-06-25 16:27:49 | INFO | === END | episodes=2000 | last-100-avg-reward=-257.82 | elapsed=14.1s ===
2026-06-25 16:27:49 | INFO | === START: α=0.2 ===
2026-06-25 16:27:49 | INFO |   experiment: α=0.2
2026-06-25 16:27:49 | INFO |   episodes: 2000
2026-06-25 16:27:49 | INFO |   alpha: 0.2
2026-06-25 16:27:49 | INFO |   gamma: 0.9
2026-06-25 16:27:49 | INFO |   epsilon: 0.1
2026-06-25 16:27:49 | INFO |   max_steps: 200
2026-06-25 16:27:49 | INFO | Episode     1 | reward= -542.0 | steps= 200
2026-06-25 16:27:51 | INFO | Episode   500 | reward=  -14.0 | steps=  35
2026-06-25 16:27:51 | INFO | Episode  1000 | reward=   -8.0 | steps=  20
2026-06-25 16:27:52 | INFO | Episode  1500 | reward=    6.0 | steps=  15
2026-06-25 16:27:52 | INFO | Episode  2000 | reward=    6.0 | steps=  15
2026-06-25 16:27:52 | INFO | === END | episodes=2000 | last-100-avg-reward=2.23 | elapsed=2.7s ===
2026-06-25 16:27:53 | INFO | === START: ε=0.2 ===
2026-06-25 16:27:53 | INFO |   experiment: ε=0.2
2026-06-25 16:27:53 | INFO |   episodes: 2000
2026-06-25 16:27:53 | INFO |   alpha: 0.1
2026-06-25 16:27:53 | INFO |   gamma: 0.9
2026-06-25 16:27:53 | INFO |   epsilon: 0.2
2026-06-25 16:27:53 | INFO |   max_steps: 200
2026-06-25 16:27:53 | INFO | Episode     1 | reward= -587.0 | steps= 200
2026-06-25 16:27:57 | INFO | Episode   500 | reward= -213.0 | steps= 153
2026-06-25 16:27:57 | INFO | Episode  1000 | reward=  -72.0 | steps=  39
2026-06-25 16:27:58 | INFO | Episode  1500 | reward=   15.0 | steps=   6
2026-06-25 16:27:58 | INFO | Episode  2000 | reward=  -33.0 | steps=  27
2026-06-25 16:27:58 | INFO | === END | episodes=2000 | last-100-avg-reward=-6.49 | elapsed=5.0s ===
2026-06-25 16:27:58 | INFO | === START: ε=0.3 ===
2026-06-25 16:27:58 | INFO |   experiment: ε=0.3
2026-06-25 16:27:58 | INFO |   episodes: 2000
2026-06-25 16:27:58 | INFO |   alpha: 0.1
2026-06-25 16:27:58 | INFO |   gamma: 0.9
2026-06-25 16:27:58 | INFO |   epsilon: 0.3
2026-06-25 16:27:58 | INFO |   max_steps: 200
2026-06-25 16:27:58 | INFO | Episode     1 | reward= -623.0 | steps= 200
2026-06-25 16:28:01 | INFO | Episode   500 | reward= -174.0 | steps= 114
2026-06-25 16:28:02 | INFO | Episode  1000 | reward=  -27.0 | steps=  30
2026-06-25 16:28:02 | INFO | Episode  1500 | reward=  -29.0 | steps=  32
2026-06-25 16:28:03 | INFO | Episode  2000 | reward=   -2.0 | steps=  14
2026-06-25 16:28:03 | INFO | === END | episodes=2000 | last-100-avg-reward=-16.46 | elapsed=4.4s ===
2026-06-25 16:28:04 | INFO | === START: Best: α=0.2, ε=0.1 ===
2026-06-25 16:28:04 | INFO |   experiment: Best: α=0.2, ε=0.1
2026-06-25 16:28:04 | INFO |   episodes: 2000
2026-06-25 16:28:04 | INFO |   alpha: 0.2
2026-06-25 16:28:04 | INFO |   gamma: 0.9
2026-06-25 16:28:04 | INFO |   epsilon: 0.1
2026-06-25 16:28:04 | INFO |   max_steps: 200
2026-06-25 16:28:04 | INFO | Episode     1 | reward= -506.0 | steps= 200
2026-06-25 16:28:06 | INFO | Episode   500 | reward=   12.0 | steps=   9
2026-06-25 16:28:06 | INFO | Episode  1000 | reward=    9.0 | steps=  12
2026-06-25 16:28:07 | INFO | Episode  1500 | reward=    1.0 | steps=  11
2026-06-25 16:28:07 | INFO | Episode  2000 | reward=   -1.0 | steps=  13
2026-06-25 16:28:07 | INFO | === END | episodes=2000 | last-100-avg-reward=2.34 | elapsed=3.1s ===
